<?xml version="1.0" encoding="UTF-8"?>
<!-- Generated by org.testng.reporters.JUnitReportReporter -->
<testsuite hostname="whlee-PC" name="com.boodman.mvntest.test.TestNormal" tests="1" failures="0" timestamp="22 Mar 2016 08:30:35 GMT" time="0.458" errors="0">
  <testcase name="testMap" time="0.458" classname="com.boodman.mvntest.test.TestNormal"/>
</testsuite> <!-- com.boodman.mvntest.test.TestNormal -->
