<?xml version="1.0" encoding="UTF-8"?>
<!-- Generated by org.testng.reporters.JUnitReportReporter -->
<testsuite hostname="whlee-PC" name="com.boodman.mvntest.acptcha.test.AccountCaptchaServicetest" tests="1" failures="0" timestamp="22 Mar 2016 09:15:17 GMT" time="63.917" errors="0">
  <testcase name="testValidateCaptchaCorrect" time="63.917" classname="com.boodman.mvntest.acptcha.test.AccountCaptchaServicetest"/>
</testsuite> <!-- com.boodman.mvntest.acptcha.test.AccountCaptchaServicetest -->
