<?xml version="1.0" encoding="UTF-8"?>
<!-- Generated by org.testng.reporters.JUnitReportReporter -->
<testsuite hostname="whlee-PC" name="com.boodman.mvntest.acptcha.test.RandomeGeneratorTest" tests="1" failures="0" timestamp="22 Mar 2016 08:20:38 GMT" time="0.070" errors="0">
  <testcase name="testGetRandomString" time="0.070" classname="com.boodman.mvntest.acptcha.test.RandomeGeneratorTest"/>
</testsuite> <!-- com.boodman.mvntest.acptcha.test.RandomeGeneratorTest -->
