<?xml version="1.0" encoding="UTF-8"?>
<!-- Generated by org.testng.reporters.JUnitReportReporter -->
<testsuite hostname="whlee-PC" name="com.boodman.mvntest.acptcha.test.AccountCaptchaServicetest" tests="1" failures="0" timestamp="30 Mar 2016 03:21:35 GMT" time="3.756" errors="0">
  <testcase name="testGenerateCaptcha" time="3.756" classname="com.boodman.mvntest.acptcha.test.AccountCaptchaServicetest"/>
</testsuite> <!-- com.boodman.mvntest.acptcha.test.AccountCaptchaServicetest -->
