<?xml version="1.0" encoding="UTF-8"?>
<!-- Generated by org.testng.reporters.JUnitReportReporter -->
<testsuite hostname="whlee-PC" name="com.boodman.mvntest.persist.AppTest" tests="1" failures="0" timestamp="18 Mar 2016 04:59:25 GMT" time="0.059" errors="0">
  <testcase name="testXML" time="0.059" classname="com.boodman.mvntest.persist.AppTest"/>
</testsuite> <!-- com.boodman.mvntest.persist.AppTest -->
